2026-03-12 18:58:13,878 [WARNING] Audio file 'sample.mp3' not found – creating dummy file.
2026-03-12 18:58:29,463 [INFO] [5c5b8f64] Connected from ('127.0.0.69', 42690)
2026-03-12 18:58:29,463 [INFO] Active clients: 1
2026-03-12 18:58:34,825 [INFO] [5c5b8f64] Buffer empty – stream finished
2026-03-12 18:58:34,825 [INFO] [5c5b8f64] QoS Report: {
  "client_id": "xxxxxxxxxxx",
  "elapsed_s": 5.35,
  "packets_sent": 43,
  "packets_lost": 0,
  "loss_rate_%": 0.0,
  "retries": 0,
  "throughput_kbps": 233.36,
  "avg_rtt_ms": 0.03,
  "bitrate_changes": [
    {
      "time": 0.32,
      "from": 2,
      "to": 3
    }
  ]
}
2026-03-12 18:58:34,826 [INFO] [5c5b8f64] Session closed. Active clients: X
